<?xml version="1.0" encoding="utf-8"?><testsuites name="pytest tests"><testsuite name="pytest" errors="0" failures="0" skipped="0" tests="4" time="3.290" timestamp="2026-03-15T13:35:59.460855+00:00" hostname="agent-env-6facaf57-d92f-4edb-950b-0a1061fcb02b"><testcase classname="backend.tests.test_security_bruteforce_alerts" name="test_01_failed_login_attempts_trigger_429_lock" time="2.597" /><testcase classname="backend.tests.test_security_bruteforce_alerts" name="test_02_security_alert_created_and_listed_for_admin" time="0.056" /><testcase classname="backend.tests.test_security_bruteforce_alerts" name="test_03_admin_can_ack_security_alert" time="0.108" /><testcase classname="backend.tests.test_security_bruteforce_alerts" name="test_04_admin_login_still_works" time="0.341" /></testsuite></testsuites>