<?xml version="1.0" encoding="utf-8"?><testsuites name="pytest tests"><testsuite name="pytest" errors="0" failures="0" skipped="0" tests="4" time="3.679" timestamp="2026-03-16T05:39:06.644439+00:00" hostname="agent-env-6facaf57-d92f-4edb-950b-0a1061fcb02b"><testcase classname="backend.tests.test_student_auth_regression" name="test_01_approve_lead_returns_no_credentials_before_group_binding" time="0.798" /><testcase classname="backend.tests.test_student_auth_regression" name="test_02_assign_generates_group_username_password_and_unique_suffix" time="0.932" /><testcase classname="backend.tests.test_student_auth_regression" name="test_03_transfer_updates_username_to_new_group_and_rotates_password_when_not_customized" time="0.290" /><testcase classname="backend.tests.test_student_auth_regression" name="test_04_student_schedule_password_change_and_transfer_keeps_custom_password" time="1.561" /></testsuite></testsuites>